# JRE version: Java(TM) SE Runtime Environment (8.0_161-b12) (build 1.8.0_161-b12)
# Java VM: Java HotSpot(TM) 64-Bit Server VM (25.161-b12 mixed mode windows-amd64 compressed oops)
Heap:
 PSYoungGen      total 82432K, used 44237K [0x0000000780900000, 0x0000000787500000, 0x00000007c0000000)
  eden space 78336K, 51% used [0x0000000780900000,0x0000000783035ce0,0x0000000785580000)
  from space 4096K, 99% used [0x0000000787100000,0x00000007874fd8b0,0x0000000787500000)
  to   space 8192K, 0% used [0x0000000786500000,0x0000000786500000,0x0000000786d00000)
 ParOldGen       total 81920K, used 10964K [0x0000000701a00000, 0x0000000706a00000, 0x0000000780900000)
  object space 81920K, 13% used [0x0000000701a00000,0x00000007024b5090,0x0000000706a00000)
 Metaspace       used 25082K, capacity 26110K, committed 26240K, reserved 1071104K
  class space    used 3401K, capacity 3653K, committed 3712K, reserved 1048576K
GC Heap History (10 events):
Event: 2.360 GC heap before
{Heap before GC invocations=1 (full 0):
 PSYoungGen      total 57344K, used 49152K [0x0000000780900000, 0x0000000784900000, 0x00000007c0000000)
  eden space 49152K, 100% used [0x0000000780900000,0x0000000783900000,0x0000000783900000)
  from space 8192K, 0% used [0x0000000784100000,0x0000000784100000,0x0000000784900000)
  to   space 8192K, 0% used [0x0000000783900000,0x0000000783900000,0x0000000784100000)
 ParOldGen       total 131072K, used 0K [0x0000000701a00000, 0x0000000709a00000, 0x0000000780900000)
  object space 131072K, 0% used [0x0000000701a00000,0x0000000701a00000,0x0000000709a00000)
 Metaspace       used 12497K, capacity 12820K, committed 12928K, reserved 1060864K
  class space    used 1557K, capacity 1662K, committed 1664K, reserved 1048576K
Event: 2.368 GC heap after
Heap after GC invocations=1 (full 0):
 PSYoungGen      total 57344K, used 6111K [0x0000000780900000, 0x0000000784900000, 0x00000007c0000000)
  eden space 49152K, 0% used [0x0000000780900000,0x0000000780900000,0x0000000783900000)
  from space 8192K, 74% used [0x0000000783900000,0x0000000783ef7f60,0x0000000784100000)
  to   space 8192K, 0% used [0x0000000784100000,0x0000000784100000,0x0000000784900000)
 ParOldGen       total 131072K, used 16K [0x0000000701a00000, 0x0000000709a00000, 0x0000000780900000)
  object space 131072K, 0% used [0x0000000701a00000,0x0000000701a04000,0x0000000709a00000)
 Metaspace       used 12497K, capacity 12820K, committed 12928K, reserved 1060864K
  class space    used 1557K, capacity 1662K, committed 1664K, reserved 1048576K
}
Event: 3.721 GC heap before
{Heap before GC invocations=2 (full 0):
 PSYoungGen      total 57344K, used 55233K [0x0000000780900000, 0x0000000784900000, 0x00000007c0000000)
  eden space 49152K, 99% used [0x0000000780900000,0x00000007838f8530,0x0000000783900000)
  from space 8192K, 74% used [0x0000000783900000,0x0000000783ef7f60,0x0000000784100000)
  to   space 8192K, 0% used [0x0000000784100000,0x0000000784100000,0x0000000784900000)
 ParOldGen       total 131072K, used 16K [0x0000000701a00000, 0x0000000709a00000, 0x0000000780900000)
  object space 131072K, 0% used [0x0000000701a00000,0x0000000701a04000,0x0000000709a00000)
 Metaspace       used 16665K, capacity 17102K, committed 17152K, reserved 1064960K
  class space    used 2145K, capacity 2269K, committed 2304K, reserved 1048576K
Event: 3.773 GC heap after
Heap after GC invocations=2 (full 0):
 PSYoungGen      total 57344K, used 7934K [0x0000000780900000, 0x0000000787900000, 0x00000007c0000000)
  eden space 49152K, 0% used [0x0000000780900000,0x0000000780900000,0x0000000783900000)
  from space 8192K, 96% used [0x0000000784100000,0x00000007848bfb78,0x0000000784900000)
  to   space 8192K, 0% used [0x0000000783900000,0x0000000783900000,0x0000000784100000)
 ParOldGen       total 131072K, used 24K [0x0000000701a00000, 0x0000000709a00000, 0x0000000780900000)
  object space 131072K, 0% used [0x0000000701a00000,0x0000000701a06000,0x0000000709a00000)
 Metaspace       used 16665K, capacity 17102K, committed 17152K, reserved 1064960K
  class space    used 2145K, capacity 2269K, committed 2304K, reserved 1048576K
}
Event: 6.435 GC heap before
{Heap before GC invocations=3 (full 0):
 PSYoungGen      total 57344K, used 46046K [0x0000000780900000, 0x0000000787900000, 0x00000007c0000000)
  eden space 49152K, 77% used [0x0000000780900000,0x0000000782e37f48,0x0000000783900000)
  from space 8192K, 96% used [0x0000000784100000,0x00000007848bfb78,0x0000000784900000)
  to   space 8192K, 0% used [0x0000000783900000,0x0000000783900000,0x0000000784100000)
 ParOldGen       total 131072K, used 24K [0x0000000701a00000, 0x0000000709a00000, 0x0000000780900000)
  object space 131072K, 0% used [0x0000000701a00000,0x0000000701a06000,0x0000000709a00000)
 Metaspace       used 20640K, capacity 21236K, committed 21296K, reserved 1067008K
  class space    used 2741K, capacity 2896K, committed 2944K, reserved 1048576K
Event: 6.470 GC heap after
Heap after GC invocations=3 (full 0):
 PSYoungGen      total 57344K, used 8174K [0x0000000780900000, 0x0000000787900000, 0x00000007c0000000)
  eden space 49152K, 0% used [0x0000000780900000,0x0000000780900000,0x0000000783900000)
  from space 8192K, 99% used [0x0000000783900000,0x00000007840fbb50,0x0000000784100000)
  to   space 8192K, 0% used [0x0000000787100000,0x0000000787100000,0x0000000787900000)
 ParOldGen       total 131072K, used 3021K [0x0000000701a00000, 0x0000000709a00000, 0x0000000780900000)
  object space 131072K, 2% used [0x0000000701a00000,0x0000000701cf3698,0x0000000709a00000)
 Metaspace       used 20640K, capacity 21236K, committed 21296K, reserved 1067008K
  class space    used 2741K, capacity 2896K, committed 2944K, reserved 1048576K
}
Event: 6.470 GC heap before
{Heap before GC invocations=4 (full 1):
 PSYoungGen      total 57344K, used 8174K [0x0000000780900000, 0x0000000787900000, 0x00000007c0000000)
  eden space 49152K, 0% used [0x0000000780900000,0x0000000780900000,0x0000000783900000)
  from space 8192K, 99% used [0x0000000783900000,0x00000007840fbb50,0x0000000784100000)
  to   space 8192K, 0% used [0x0000000787100000,0x0000000787100000,0x0000000787900000)
 ParOldGen       total 131072K, used 3021K [0x0000000701a00000, 0x0000000709a00000, 0x0000000780900000)
  object space 131072K, 2% used [0x0000000701a00000,0x0000000701cf3698,0x0000000709a00000)
 Metaspace       used 20640K, capacity 21236K, committed 21296K, reserved 1067008K
  class space    used 2741K, capacity 2896K, committed 2944K, reserved 1048576K
Event: 6.539 GC heap after
Heap after GC invocations=4 (full 1):
 PSYoungGen      total 57344K, used 0K [0x0000000780900000, 0x0000000787900000, 0x00000007c0000000)
  eden space 49152K, 0% used [0x0000000780900000,0x0000000780900000,0x0000000783900000)
  from space 8192K, 0% used [0x0000000783900000,0x0000000783900000,0x0000000784100000)
  to   space 8192K, 0% used [0x0000000787100000,0x0000000787100000,0x0000000787900000)
 ParOldGen       total 81920K, used 10956K [0x0000000701a00000, 0x0000000706a00000, 0x0000000780900000)
  object space 81920K, 13% used [0x0000000701a00000,0x00000007024b3090,0x0000000706a00000)
 Metaspace       used 20638K, capacity 21230K, committed 21296K, reserved 1067008K
  class space    used 2741K, capacity 2895K, committed 2944K, reserved 1048576K
}
Event: 7.630 GC heap before
{Heap before GC invocations=5 (full 1):
 PSYoungGen      total 57344K, used 49152K [0x0000000780900000, 0x0000000787900000, 0x00000007c0000000)
  eden space 49152K, 100% used [0x0000000780900000,0x0000000783900000,0x0000000783900000)
  from space 8192K, 0% used [0x0000000783900000,0x0000000783900000,0x0000000784100000)
  to   space 8192K, 0% used [0x0000000787100000,0x0000000787100000,0x0000000787900000)
 ParOldGen       total 81920K, used 10956K [0x0000000701a00000, 0x0000000706a00000, 0x0000000780900000)
  object space 81920K, 13% used [0x0000000701a00000,0x00000007024b3090,0x0000000706a00000)
 Metaspace       used 23625K, capacity 24522K, committed 24704K, reserved 1071104K
  class space    used 3161K, capacity 3389K, committed 3456K, reserved 1048576K
Event: 7.638 GC heap after
Heap after GC invocations=5 (full 1):
 PSYoungGen      total 82432K, used 4086K [0x0000000780900000, 0x0000000787500000, 0x00000007c0000000)
  eden space 78336K, 0% used [0x0000000780900000,0x0000000780900000,0x0000000785580000)
  from space 4096K, 99% used [0x0000000787100000,0x00000007874fd8b0,0x0000000787500000)
  to   space 8192K, 0% used [0x0000000786500000,0x0000000786500000,0x0000000786d00000)
 ParOldGen       total 81920K, used 10964K [0x0000000701a00000, 0x0000000706a00000, 0x0000000780900000)
  object space 81920K, 13% used [0x0000000701a00000,0x00000007024b5090,0x0000000706a00000)
 Metaspace       used 23625K, capacity 24522K, committed 24704K, reserved 1071104K
  class space    used 3161K, capacity 3389K, committed 3456K, reserved 1048576K
}

